mktextfm Zlatoust
mktextfm Zlatoust
mktextfm Zlatoust
mktextfm Zlatoust/BI
mktextfm Zlatoust
mktextfm Zlatoust/B
mktextfm Zlatoust
mktextfm Zlatoust/I
mktextfm Zlatoust
mktextfm Zlatoust
mktextfm Zlatoust
mktextfm Slavjanic
mktextfm Slavjanic
mktextfm Slavjanic
mktextfm Slavjanic/BI
mktextfm Slavjanic
mktextfm Slavjanic/B
mktextfm Slavjanic
mktextfm Slavjanic/I
mktextfm Slavjanic
mktextfm Slavjanic
mktextfm Zlatoust
mktextfm Zlatoust
mktextfm Zlatoust
mktextfm Zlatoust
mktextfm Zlatoust
mktextfm Zlatoust
mktextfm Zlatoust
mktextfm Zlatoust
